[2025-08-14 10:21:49][INFO] Loading resources...
[2025-08-14 10:21:49][FINE] Loading resources from: bluemap/resourceExtensions.zip ...
[2025-08-14 10:21:50][FINE] Loading resources from: bluemap/minecraft-client-1.21.6.jar ...
[2025-08-14 10:21:51][FINE] Collecting texture-keys...
[2025-08-14 10:21:51][FINE] Found 1154 texture-keys.
[2025-08-14 10:21:51][FINE] Loading textures from: bluemap/resourceExtensions.zip ...
[2025-08-14 10:21:51][FINE] Loading textures from: bluemap/minecraft-client-1.21.6.jar ...
[2025-08-14 10:21:54][FINE] Baking resources...
[2025-08-14 10:21:54][INFO] Resources loaded.
[2025-08-14 10:21:54][FINE] Loading world oneblock_nether#minecraft:the_nether ...
[2025-08-14 10:21:54][FINE] Loading datapack...
[2025-08-14 10:21:54][FINE] Loading datapack from: bluemap/resourceExtensions.zip ...
[2025-08-14 10:21:54][FINE] Loading datapack from: bluemap/minecraft-client-1.21.6.jar ...
[2025-08-14 10:21:54][FINE] Baking datapack...
[2025-08-14 10:21:54][FINE] Datapack loaded.
[2025-08-14 10:21:54][INFO] Initializing Storage: 'file' (Type: 'bluemap:file')
[2025-08-14 10:21:54][INFO] Loading map 'oneblock_nether'...
[2025-08-14 10:21:54][FINE] Loading render-state for map 'oneblock_nether'
[2025-08-14 10:21:54][FINE] Loading textures for map 'oneblock_nether'
[2025-08-14 10:21:54][FINE] Loading world oneblock#minecraft:overworld ...
[2025-08-14 10:21:54][FINE] Loading datapack...
[2025-08-14 10:21:54][FINE] Loading datapack from: oneblock/datapacks/ija-one-block.zip ...
[2025-08-14 10:21:54][FINE] Loading datapack from: oneblock/datapacks/bukkit ...
[2025-08-14 10:21:54][FINE] Loading datapack from: bluemap/resourceExtensions.zip ...
[2025-08-14 10:21:54][FINE] Loading datapack from: bluemap/minecraft-client-1.21.6.jar ...
[2025-08-14 10:21:54][FINE] Baking datapack...
[2025-08-14 10:21:54][FINE] Datapack loaded.
[2025-08-14 10:21:54][INFO] Loading map 'oneblock'...
[2025-08-14 10:21:54][FINE] Loading render-state for map 'oneblock'
[2025-08-14 10:21:54][FINE] Loading textures for map 'oneblock'
[2025-08-14 10:21:55][FINE] Loading world oneblock_the_end#minecraft:the_end ...
[2025-08-14 10:21:55][FINE] Loading datapack...
[2025-08-14 10:21:55][FINE] Loading datapack from: bluemap/resourceExtensions.zip ...
[2025-08-14 10:21:55][FINE] Loading datapack from: bluemap/minecraft-client-1.21.6.jar ...
[2025-08-14 10:21:55][FINE] Baking datapack...
[2025-08-14 10:21:55][FINE] Datapack loaded.
[2025-08-14 10:21:55][INFO] Loading map 'oneblock_the_end'...
[2025-08-14 10:21:55][FINE] Loading render-state for map 'oneblock_the_end'
[2025-08-14 10:21:55][FINE] Loading textures for map 'oneblock_the_end'
[2025-08-14 10:21:55][INFO] WebServer bound to all network interfaces on port 8100
[2025-08-14 10:21:55][INFO] WebServer started.
[2025-08-14 10:21:55][FINE] Started watching map 'oneblock_nether' for updates...
[2025-08-14 10:21:55][FINE] Started watching map 'oneblock' for updates...
[2025-08-14 10:21:55][FINE] Started watching map 'oneblock_the_end' for updates...
[2025-08-14 10:21:55][INFO] Loaded!
[2025-08-14 10:22:10][FINE] Failed to load skin from mojang for player: 'ebcce78c-9f5f-3d57-9035-9cde1e920faf' - java.io.IOException: java.lang.IllegalStateException: Not a JSON Object: null
[2025-08-14 10:22:10][FINE] No player-skin provided for UUID: ebcce78c-9f5f-3d57-9035-9cde1e920faf
[2025-08-14 10:22:28][FINE] Failed to load skin from mojang for player: '9a58603f-5f86-3a17-8a69-9fca4c632a97' - java.io.IOException: java.lang.IllegalStateException: Not a JSON Object: null
[2025-08-14 10:22:28][FINE] No player-skin provided for UUID: 9a58603f-5f86-3a17-8a69-9fca4c632a97
